<?xml version="1.0" encoding="UTF-8"?>
<!-- Generated by org.testng.reporters.JUnitXMLReporter -->
<testsuite hostname="DESKTOP-TLTN116" ignored="0" name="TC_LoginDDT_002" tests="3" failures="0" timestamp="11 Mar 2021 20:34:45 GMT" time="34.212" errors="0">
  <testcase name="loginTest" time="13.526" classname="com.nopcommerce.testCases.TC_LoginDDT_002"/>
  <testcase name="loginTest" time="6.687" classname="com.nopcommerce.testCases.TC_LoginDDT_002"/>
  <testcase name="loginTest" time="5.925" classname="com.nopcommerce.testCases.TC_LoginDDT_002"/>
</testsuite> <!-- TC_LoginDDT_002 -->
