<?xml version="1.0" encoding="UTF-8"?>
<!-- Generated by org.testng.reporters.JUnitXMLReporter -->
<testsuite hostname="DESKTOP-TLTN116" ignored="0" name="TC_LoginDDT_002" tests="3" failures="0" timestamp="11 Mar 2021 17:13:42 GMT" time="32.256" errors="0">
  <testcase name="loginTest" time="13.604" classname="com.nopcommerce.testCases.TC_LoginDDT_002"/>
  <testcase name="loginTest" time="5.816" classname="com.nopcommerce.testCases.TC_LoginDDT_002"/>
  <testcase name="loginTest" time="6.087" classname="com.nopcommerce.testCases.TC_LoginDDT_002"/>
</testsuite> <!-- TC_LoginDDT_002 -->
