<?xml version="1.0" encoding="UTF-8"?>
<testng-results skipped="0" failed="1" ignored="0" total="6" passed="5">
  <reporter-output>
  </reporter-output>
  <suite name="Suite" duration-ms="34212" started-at="2021-03-11T20:34:11Z" finished-at="2021-03-11T20:34:45Z">
    <groups>
    </groups>
    <test name="TC_LoginTest_001" duration-ms="11876" started-at="2021-03-11T20:34:11Z" finished-at="2021-03-11T20:34:23Z">
      <class name="com.nopcommerce.testCases.TC_LoginTest_001">
        <test-method status="PASS" signature="setup(java.lang.String)[pri:0, instance:com.nopcommerce.testCases.TC_LoginTest_001@6ff29830]" name="setup" is-config="true" duration-ms="4791" started-at="2021-03-11T20:34:11Z" finished-at="2021-03-11T20:34:16Z">
          <params>
            <param index="0">
              <value>
                <![CDATA[chrome]]>
              </value>
            </param>
          </params>
          <reporter-output>
          </reporter-output>
        </test-method> <!-- setup -->
        <test-method status="PASS" signature="loginTest()[pri:0, instance:com.nopcommerce.testCases.TC_LoginTest_001@6ff29830]" name="loginTest" duration-ms="6085" started-at="2021-03-11T20:34:16Z" finished-at="2021-03-11T20:34:22Z">
          <reporter-output>
          </reporter-output>
        </test-method> <!-- loginTest -->
        <test-method status="PASS" signature="tearDown()[pri:0, instance:com.nopcommerce.testCases.TC_LoginTest_001@6ff29830]" name="tearDown" is-config="true" duration-ms="858" started-at="2021-03-11T20:34:22Z" finished-at="2021-03-11T20:34:23Z">
          <reporter-output>
          </reporter-output>
        </test-method> <!-- tearDown -->
      </class> <!-- com.nopcommerce.testCases.TC_LoginTest_001 -->
    </test> <!-- TC_LoginTest_001 -->
    <test name="TC_SearchCustomerByEmail_004" duration-ms="18910" started-at="2021-03-11T20:34:11Z" finished-at="2021-03-11T20:34:30Z">
      <class name="com.nopcommerce.testCases.TC_SearchCustomerByEmail_004">
        <test-method status="PASS" signature="setup(java.lang.String)[pri:0, instance:com.nopcommerce.testCases.TC_SearchCustomerByEmail_004@236e3f4e]" name="setup" is-config="true" duration-ms="5065" started-at="2021-03-11T20:34:11Z" finished-at="2021-03-11T20:34:16Z">
          <params>
            <param index="0">
              <value>
                <![CDATA[chrome]]>
              </value>
            </param>
          </params>
          <reporter-output>
          </reporter-output>
        </test-method> <!-- setup -->
        <test-method status="FAIL" signature="searchCustomerByEmail()[pri:0, instance:com.nopcommerce.testCases.TC_SearchCustomerByEmail_004@236e3f4e]" name="searchCustomerByEmail" duration-ms="12971" started-at="2021-03-11T20:34:16Z" finished-at="2021-03-11T20:34:29Z">
          <exception class="org.openqa.selenium.InvalidSelectorException">
            <message>
              <![CDATA[invalid selector: Unable to locate an element with the xpath expression //*[@id=\"customers-grid\"]/tbody/tr[1]/td[2] because of the following error:
SyntaxError: Failed to execute 'evaluate' on 'Document': The string '//*[@id=\"customers-grid\"]/tbody/tr[1]/td[2]' is not a valid XPath expression.
  (Session info: chrome=88.0.4324.190)
For documentation on this error, please visit: https://selenium.dev/exceptions/#invalid_selector_exception
Build info: version: '4.0.0-alpha-7', revision: 'de8579b6d5'
System info: host: 'DESKTOP-TLTN116', ip: '10.0.0.138', os.name: 'Windows 10', os.arch: 'amd64', os.version: '10.0', java.version: '1.8.0_261'
Driver info: org.openqa.selenium.chrome.ChromeDriver
Capabilities {acceptInsecureCerts: false, browserName: chrome, browserVersion: 88.0.4324.190, chrome: {chromedriverVersion: 88.0.4324.96 (68dba2d8a0b14..., userDataDir: C:\Users\jaydi\AppData\Loca...}, goog:chromeOptions: {debuggerAddress: localhost:53772}, javascriptEnabled: true, networkConnectionEnabled: false, pageLoadStrategy: normal, platform: WINDOWS, platformName: WINDOWS, proxy: Proxy(), setWindowRect: true, strictFileInteractability: false, timeouts: {implicit: 0, pageLoad: 300000, script: 30000}, unhandledPromptBehavior: dismiss and notify, webauthn:extension:largeBlob: true, webauthn:virtualAuthenticators: true}
Session ID: 93328436fbddbf57ec913bb0c7568e16
*** Element info: {Using=xpath, value=//*[@id=\"customers-grid\"]/tbody/tr[1]/td[2]}]]>
            </message>
            <full-stacktrace>
              <![CDATA[org.openqa.selenium.InvalidSelectorException: invalid selector: Unable to locate an element with the xpath expression //*[@id=\"customers-grid\"]/tbody/tr[1]/td[2] because of the following error:
SyntaxError: Failed to execute 'evaluate' on 'Document': The string '//*[@id=\"customers-grid\"]/tbody/tr[1]/td[2]' is not a valid XPath expression.
  (Session info: chrome=88.0.4324.190)
For documentation on this error, please visit: https://selenium.dev/exceptions/#invalid_selector_exception
Build info: version: '4.0.0-alpha-7', revision: 'de8579b6d5'
System info: host: 'DESKTOP-TLTN116', ip: '10.0.0.138', os.name: 'Windows 10', os.arch: 'amd64', os.version: '10.0', java.version: '1.8.0_261'
Driver info: org.openqa.selenium.chrome.ChromeDriver
Capabilities {acceptInsecureCerts: false, browserName: chrome, browserVersion: 88.0.4324.190, chrome: {chromedriverVersion: 88.0.4324.96 (68dba2d8a0b14..., userDataDir: C:\Users\jaydi\AppData\Loca...}, goog:chromeOptions: {debuggerAddress: localhost:53772}, javascriptEnabled: true, networkConnectionEnabled: false, pageLoadStrategy: normal, platform: WINDOWS, platformName: WINDOWS, proxy: Proxy(), setWindowRect: true, strictFileInteractability: false, timeouts: {implicit: 0, pageLoad: 300000, script: 30000}, unhandledPromptBehavior: dismiss and notify, webauthn:extension:largeBlob: true, webauthn:virtualAuthenticators: true}
Session ID: 93328436fbddbf57ec913bb0c7568e16
*** Element info: {Using=xpath, value=//*[@id=\"customers-grid\"]/tbody/tr[1]/td[2]}
at sun.reflect.NativeConstructorAccessorImpl.newInstance0(Native Method)
at sun.reflect.NativeConstructorAccessorImpl.newInstance(Unknown Source)
at sun.reflect.DelegatingConstructorAccessorImpl.newInstance(Unknown Source)
at java.lang.reflect.Constructor.newInstance(Unknown Source)
at org.openqa.selenium.remote.codec.w3c.W3CHttpResponseCodec.createException(W3CHttpResponseCodec.java:196)
at org.openqa.selenium.remote.codec.w3c.W3CHttpResponseCodec.decode(W3CHttpResponseCodec.java:129)
at org.openqa.selenium.remote.codec.w3c.W3CHttpResponseCodec.decode(W3CHttpResponseCodec.java:53)
at org.openqa.selenium.remote.HttpCommandExecutor.execute(HttpCommandExecutor.java:167)
at org.openqa.selenium.remote.service.DriverCommandExecutor.execute(DriverCommandExecutor.java:123)
at org.openqa.selenium.remote.RemoteWebDriver.execute(RemoteWebDriver.java:501)
at org.openqa.selenium.remote.RemoteWebElement.execute(RemoteWebElement.java:238)
at org.openqa.selenium.remote.RemoteWebElement.findElement(RemoteWebElement.java:204)
at org.openqa.selenium.By$ByXPath.findElement(By.java:379)
at org.openqa.selenium.remote.RemoteWebElement.findElement(RemoteWebElement.java:197)
at sun.reflect.NativeMethodAccessorImpl.invoke0(Native Method)
at sun.reflect.NativeMethodAccessorImpl.invoke(Unknown Source)
at sun.reflect.DelegatingMethodAccessorImpl.invoke(Unknown Source)
at java.lang.reflect.Method.invoke(Unknown Source)
at org.openqa.selenium.support.pagefactory.internal.LocatingElementHandler.invoke(LocatingElementHandler.java:52)
at com.sun.proxy.$Proxy32.findElement(Unknown Source)
at com.nopcommerce.pageObjects.SearchCustomerPage.searchCustomerByEmail(SearchCustomerPage.java:100)
at com.nopcommerce.testCases.TC_SearchCustomerByEmail_004.searchCustomerByEmail(TC_SearchCustomerByEmail_004.java:37)
at sun.reflect.NativeMethodAccessorImpl.invoke0(Native Method)
at sun.reflect.NativeMethodAccessorImpl.invoke(Unknown Source)
at sun.reflect.DelegatingMethodAccessorImpl.invoke(Unknown Source)
at java.lang.reflect.Method.invoke(Unknown Source)
at org.testng.internal.MethodInvocationHelper.invokeMethod(MethodInvocationHelper.java:124)
at org.testng.internal.Invoker.invokeMethod(Invoker.java:583)
at org.testng.internal.Invoker.invokeTestMethod(Invoker.java:719)
at org.testng.internal.Invoker.invokeTestMethods(Invoker.java:989)
at org.testng.internal.TestMethodWorker.invokeTestMethods(TestMethodWorker.java:125)
at org.testng.internal.TestMethodWorker.run(TestMethodWorker.java:109)
at org.testng.TestRunner.privateRun(TestRunner.java:648)
at org.testng.TestRunner.run(TestRunner.java:505)
at org.testng.SuiteRunner.runTest(SuiteRunner.java:455)
at org.testng.SuiteRunner.access$000(SuiteRunner.java:40)
at org.testng.SuiteRunner$SuiteWorker.run(SuiteRunner.java:489)
at org.testng.internal.thread.ThreadUtil$1.call(ThreadUtil.java:52)
at java.util.concurrent.FutureTask.run(Unknown Source)
at java.util.concurrent.ThreadPoolExecutor.runWorker(Unknown Source)
at java.util.concurrent.ThreadPoolExecutor$Worker.run(Unknown Source)
at java.lang.Thread.run(Unknown Source)
]]>
            </full-stacktrace>
          </exception> <!-- org.openqa.selenium.InvalidSelectorException -->
          <reporter-output>
          </reporter-output>
        </test-method> <!-- searchCustomerByEmail -->
        <test-method status="PASS" signature="tearDown()[pri:0, instance:com.nopcommerce.testCases.TC_SearchCustomerByEmail_004@236e3f4e]" name="tearDown" is-config="true" duration-ms="767" started-at="2021-03-11T20:34:29Z" finished-at="2021-03-11T20:34:30Z">
          <reporter-output>
          </reporter-output>
        </test-method> <!-- tearDown -->
      </class> <!-- com.nopcommerce.testCases.TC_SearchCustomerByEmail_004 -->
    </test> <!-- TC_SearchCustomerByEmail_004 -->
    <test name="TC_AddCustomerTest_003" duration-ms="32309" started-at="2021-03-11T20:34:11Z" finished-at="2021-03-11T20:34:43Z">
      <class name="com.nopcommerce.testCases.TC_AddCustomerTest_003">
        <test-method status="PASS" signature="setup(java.lang.String)[pri:0, instance:com.nopcommerce.testCases.TC_AddCustomerTest_003@36b4fe2a]" name="setup" is-config="true" duration-ms="4383" started-at="2021-03-11T20:34:11Z" finished-at="2021-03-11T20:34:15Z">
          <params>
            <param index="0">
              <value>
                <![CDATA[chrome]]>
              </value>
            </param>
          </params>
          <reporter-output>
          </reporter-output>
        </test-method> <!-- setup -->
        <test-method status="PASS" signature="addNewCustomer()[pri:0, instance:com.nopcommerce.testCases.TC_AddCustomerTest_003@36b4fe2a]" name="addNewCustomer" duration-ms="27047" started-at="2021-03-11T20:34:15Z" finished-at="2021-03-11T20:34:42Z">
          <reporter-output>
          </reporter-output>
        </test-method> <!-- addNewCustomer -->
        <test-method status="PASS" signature="tearDown()[pri:0, instance:com.nopcommerce.testCases.TC_AddCustomerTest_003@36b4fe2a]" name="tearDown" is-config="true" duration-ms="767" started-at="2021-03-11T20:34:42Z" finished-at="2021-03-11T20:34:43Z">
          <reporter-output>
          </reporter-output>
        </test-method> <!-- tearDown -->
      </class> <!-- com.nopcommerce.testCases.TC_AddCustomerTest_003 -->
    </test> <!-- TC_AddCustomerTest_003 -->
    <test name="TC_LoginDDT_002" duration-ms="34212" started-at="2021-03-11T20:34:11Z" finished-at="2021-03-11T20:34:45Z">
      <class name="com.nopcommerce.testCases.TC_LoginDDT_002">
        <test-method status="PASS" signature="setup(java.lang.String)[pri:0, instance:com.nopcommerce.testCases.TC_LoginDDT_002@50caa560]" name="setup" is-config="true" duration-ms="4795" started-at="2021-03-11T20:34:11Z" finished-at="2021-03-11T20:34:16Z">
          <params>
            <param index="0">
              <value>
                <![CDATA[chrome]]>
              </value>
            </param>
          </params>
          <reporter-output>
          </reporter-output>
        </test-method> <!-- setup -->
        <test-method status="PASS" signature="loginTest(java.lang.String, java.lang.String, java.lang.String)[pri:0, instance:com.nopcommerce.testCases.TC_LoginDDT_002@50caa560]" name="loginTest" duration-ms="13526" started-at="2021-03-11T20:34:18Z" data-provider="LoginData" finished-at="2021-03-11T20:34:32Z">
          <params>
            <param index="0">
              <value>
                <![CDATA[admin@yourstore.com]]>
              </value>
            </param>
            <param index="1">
              <value>
                <![CDATA[admin]]>
              </value>
            </param>
            <param index="2">
              <value>
                <![CDATA[pass]]>
              </value>
            </param>
          </params>
          <reporter-output>
          </reporter-output>
        </test-method> <!-- loginTest -->
        <test-method status="PASS" signature="loginTest(java.lang.String, java.lang.String, java.lang.String)[pri:0, instance:com.nopcommerce.testCases.TC_LoginDDT_002@50caa560]" name="loginTest" duration-ms="6687" started-at="2021-03-11T20:34:32Z" data-provider="LoginData" finished-at="2021-03-11T20:34:38Z">
          <params>
            <param index="0">
              <value>
                <![CDATA[admi@yourstore.com]]>
              </value>
            </param>
            <param index="1">
              <value>
                <![CDATA[admin]]>
              </value>
            </param>
            <param index="2">
              <value>
                <![CDATA[fail]]>
              </value>
            </param>
          </params>
          <reporter-output>
          </reporter-output>
        </test-method> <!-- loginTest -->
        <test-method status="PASS" signature="loginTest(java.lang.String, java.lang.String, java.lang.String)[pri:0, instance:com.nopcommerce.testCases.TC_LoginDDT_002@50caa560]" name="loginTest" duration-ms="5925" started-at="2021-03-11T20:34:38Z" data-provider="LoginData" finished-at="2021-03-11T20:34:44Z">
          <params>
            <param index="0">
              <value>
                <![CDATA[adm@yourstore.com]]>
              </value>
            </param>
            <param index="1">
              <value>
                <![CDATA[admin]]>
              </value>
            </param>
            <param index="2">
              <value>
                <![CDATA[fail]]>
              </value>
            </param>
          </params>
          <reporter-output>
          </reporter-output>
        </test-method> <!-- loginTest -->
        <test-method status="PASS" signature="tearDown()[pri:0, instance:com.nopcommerce.testCases.TC_LoginDDT_002@50caa560]" name="tearDown" is-config="true" duration-ms="718" started-at="2021-03-11T20:34:44Z" finished-at="2021-03-11T20:34:45Z">
          <reporter-output>
          </reporter-output>
        </test-method> <!-- tearDown -->
      </class> <!-- com.nopcommerce.testCases.TC_LoginDDT_002 -->
    </test> <!-- TC_LoginDDT_002 -->
  </suite> <!-- Suite -->
</testng-results>
